{
  "uid" : "10ee7cd4f33ed7f4",
  "name" : "test_prequalification_71",
  "fullName" : "test_case.test_order.Test_Billings#test_prequalification_71",
  "historyId" : "a8dd9099bc4b473dd5d576a57c0837f9",
  "time" : {
    "start" : 1590397619105,
    "stop" : 1590397626303,
    "duration" : 7198
  },
  "status" : "failed",
  "statusMessage" : "AssertionError: assert 200 != 200",
  "statusTrace" : "self = <test_order.Test_Billings object at 0x000002969EBD9940>\n\n    def test_prequalification_71(self):\n        print('不参加活动，商品都特价，整单打折1')\n        prequalificationurl = 'http://api.xymtest.com/merchant/store/order/open/create'\n        prequalificationdata = xymways.test_data.data_order.order_billing.billings_08()[0]\n        prequalificationorder = run.run_main(prequalificationurl, 'POST', header_merchant,\n                                             json.dumps(prequalificationdata))\n        # assertion.assertions(self, contrast=200, passvalue=prequalificationorder['code'])\n        print(prequalificationorder)\n>       assert prequalificationorder['code'] != 200\nE       assert 200 != 200\n\n..\\test_case\\test_order.py:772: AssertionError",
  "flaky" : false,
  "newFailed" : false,
  "beforeStages" : [ ],
  "testStage" : {
    "status" : "failed",
    "statusMessage" : "AssertionError: assert 200 != 200",
    "statusTrace" : "self = <test_order.Test_Billings object at 0x000002969EBD9940>\n\n    def test_prequalification_71(self):\n        print('不参加活动，商品都特价，整单打折1')\n        prequalificationurl = 'http://api.xymtest.com/merchant/store/order/open/create'\n        prequalificationdata = xymways.test_data.data_order.order_billing.billings_08()[0]\n        prequalificationorder = run.run_main(prequalificationurl, 'POST', header_merchant,\n                                             json.dumps(prequalificationdata))\n        # assertion.assertions(self, contrast=200, passvalue=prequalificationorder['code'])\n        print(prequalificationorder)\n>       assert prequalificationorder['code'] != 200\nE       assert 200 != 200\n\n..\\test_case\\test_order.py:772: AssertionError",
    "steps" : [ ],
    "attachments" : [ {
      "uid" : "4495e89c12ffae43",
      "name" : "stdout",
      "source" : "4495e89c12ffae43.txt",
      "type" : "text/plain",
      "size" : 239
    } ],
    "parameters" : [ ],
    "attachmentsCount" : 1,
    "shouldDisplayMessage" : true,
    "stepsCount" : 0,
    "hasContent" : true
  },
  "afterStages" : [ ],
  "labels" : [ {
    "name" : "parentSuite",
    "value" : "test_case"
  }, {
    "name" : "suite",
    "value" : "test_order"
  }, {
    "name" : "subSuite",
    "value" : "Test_Billings"
  }, {
    "name" : "host",
    "value" : "DESKTOP-18EISHC"
  }, {
    "name" : "thread",
    "value" : "88628-MainThread"
  }, {
    "name" : "framework",
    "value" : "pytest"
  }, {
    "name" : "language",
    "value" : "cpython3"
  }, {
    "name" : "package",
    "value" : "test_case.test_order"
  }, {
    "name" : "resultFormat",
    "value" : "allure2"
  } ],
  "parameters" : [ ],
  "links" : [ ],
  "hidden" : false,
  "retry" : false,
  "extra" : {
    "severity" : "normal",
    "retries" : [ ],
    "categories" : [ {
      "name" : "Product defects",
      "matchedStatuses" : [ ],
      "flaky" : false
    } ],
    "tags" : [ ]
  },
  "source" : "10ee7cd4f33ed7f4.json",
  "parameterValues" : [ ]
}