{
  "uid" : "f0e67ee6523f52ef",
  "name" : "test_prequalification_009",
  "fullName" : "test_case.test_order.Test_Billings#test_prequalification_009",
  "historyId" : "aec69499215972dbc0cbc39c51865640",
  "time" : {
    "start" : 1590316259900,
    "stop" : 1590316266021,
    "duration" : 6121
  },
  "status" : "failed",
  "statusMessage" : "AssertionError: assert 200 == 500",
  "statusTrace" : "self = <test_order.Test_Billings object at 0x000001E73E4E85F8>\n\n    def test_prequalification_009(self):\n        print('009订单用其它店铺商品开单')\n        prequalificationurl = 'http://api.xymtest.com/merchant/store/order/open/create'\n        prequalificationdata = xymways.test_data.data_order.order_billing.billings_01()[8]\n        prequalificationorder = run.run_main(prequalificationurl, 'POST', header_merchant,\n                                             json.dumps(prequalificationdata))\n        # assertion.assertions(self, contrast=500, passvalue=prequalificationorder['code'])\n        print(prequalificationorder)\n>       assert prequalificationorder['code'] == 500\nE       assert 200 == 500\n\n..\\test_case\\test_order.py:158: AssertionError",
  "flaky" : false,
  "newFailed" : false,
  "beforeStages" : [ ],
  "testStage" : {
    "status" : "failed",
    "statusMessage" : "AssertionError: assert 200 == 500",
    "statusTrace" : "self = <test_order.Test_Billings object at 0x000001E73E4E85F8>\n\n    def test_prequalification_009(self):\n        print('009订单用其它店铺商品开单')\n        prequalificationurl = 'http://api.xymtest.com/merchant/store/order/open/create'\n        prequalificationdata = xymways.test_data.data_order.order_billing.billings_01()[8]\n        prequalificationorder = run.run_main(prequalificationurl, 'POST', header_merchant,\n                                             json.dumps(prequalificationdata))\n        # assertion.assertions(self, contrast=500, passvalue=prequalificationorder['code'])\n        print(prequalificationorder)\n>       assert prequalificationorder['code'] == 500\nE       assert 200 == 500\n\n..\\test_case\\test_order.py:158: AssertionError",
    "steps" : [ ],
    "attachments" : [ {
      "uid" : "f3c04ac2081b1c2e",
      "name" : "stdout",
      "source" : "f3c04ac2081b1c2e.txt",
      "type" : "text/plain",
      "size" : 177
    } ],
    "parameters" : [ ],
    "hasContent" : true,
    "stepsCount" : 0,
    "shouldDisplayMessage" : true,
    "attachmentsCount" : 1
  },
  "afterStages" : [ ],
  "labels" : [ {
    "name" : "parentSuite",
    "value" : "test_case"
  }, {
    "name" : "suite",
    "value" : "test_order"
  }, {
    "name" : "subSuite",
    "value" : "Test_Billings"
  }, {
    "name" : "host",
    "value" : "DESKTOP-18EISHC"
  }, {
    "name" : "thread",
    "value" : "37436-MainThread"
  }, {
    "name" : "framework",
    "value" : "pytest"
  }, {
    "name" : "language",
    "value" : "cpython3"
  }, {
    "name" : "package",
    "value" : "test_case.test_order"
  }, {
    "name" : "resultFormat",
    "value" : "allure2"
  } ],
  "parameters" : [ ],
  "links" : [ ],
  "hidden" : false,
  "retry" : false,
  "extra" : {
    "severity" : "normal",
    "retries" : [ ],
    "categories" : [ {
      "name" : "Product defects",
      "matchedStatuses" : [ ],
      "flaky" : false
    } ],
    "tags" : [ ]
  },
  "source" : "f0e67ee6523f52ef.json",
  "parameterValues" : [ ]
}